Using pre-set license
Built from '2021.1/release' branch; Version is '2021.1.0f1 (61a549675243) revision 6399305'; Using compiler version '192528614'; Build Type 'Release'
OS: 'Windows 10 Pro; OS build 18363.1500; Version 1909; 64bit' Language: 'en' Physical Memory: 16250 MB
BatchMode: 1, IsHumanControllingUs: 0, StartBugReporterOnCrash: 0, Is64bit: 1, IsPro: 0

 COMMAND LINE ARGUMENTS:
C:\Program Files\Unity\Hub\Editor\2021.1.0f1\Editor\Unity.exe
-adb2
-batchMode
-noUpm
-name
AssetImportWorker0
-projectPath
D:/GitHub/AlvarezAlejandro_Laboratorio07/AlvarezAlejandro_Laboratorio07
-logFile
Logs/AssetImportWorker0.log
-srvPort
61881
Successfully changed project path to: D:/GitHub/AlvarezAlejandro_Laboratorio07/AlvarezAlejandro_Laboratorio07
D:/GitHub/AlvarezAlejandro_Laboratorio07/AlvarezAlejandro_Laboratorio07
Using Asset Import Pipeline V2.
Refreshing native plugins compatible for Editor in 154.40 ms, found 1 plugins.
Preloading 0 native plugins for Editor in 0.00 ms.
Initialize engine version: 2021.1.0f1 (61a549675243)
[Subsystems] Discovering subsystems at path C:/Program Files/Unity/Hub/Editor/2021.1.0f1/Editor/Data/Resources/UnitySubsystems
[Subsystems] Discovering subsystems at path D:/GitHub/AlvarezAlejandro_Laboratorio07/AlvarezAlejandro_Laboratorio07/Assets
GfxDevice: creating device client; threaded=0; jobified=0
Direct3D:
    Version:  Direct3D 11.0 [level 11.1]
    Renderer: Intel(R) HD Graphics 530 (ID=0x191b)
    Vendor:   Intel
    VRAM:     8125 MB
    Driver:   27.20.100.8681
Initialize mono
Mono path[0] = 'C:/Program Files/Unity/Hub/Editor/2021.1.0f1/Editor/Data/Managed'
Mono path[1] = 'C:/Program Files/Unity/Hub/Editor/2021.1.0f1/Editor/Data/MonoBleedingEdge/lib/mono/unityjit'
Mono config path = 'C:/Program Files/Unity/Hub/Editor/2021.1.0f1/Editor/Data/MonoBleedingEdge/etc'
Using monoOptions --debugger-agent=transport=dt_socket,embedding=1,server=y,suspend=n,address=127.0.0.1:56088
Begin MonoManager ReloadAssembly
Registering precompiled unity dll's ...
Register platform support module: C:/Program Files/Unity/Hub/Editor/2021.1.0f1/Editor/Data/PlaybackEngines/WindowsStandaloneSupport/UnityEditor.WindowsStandalone.Extensions.dll
Registered in 0.003343 seconds.
Native extension for WindowsStandalone target not found
Refreshing native plugins compatible for Editor in 179.49 ms, found 1 plugins.
Preloading 0 native plugins for Editor in 0.00 ms.
Mono: successfully reloaded assembly
- Completed reload, in  2.609 seconds
Platform modules already initialized, skipping
Registering precompiled user dll's ...
Registered in 0.005051 seconds.
Begin MonoManager ReloadAssembly
Native extension for WindowsStandalone target not found
Refreshing native plugins compatible for Editor in 0.95 ms, found 1 plugins.
Preloading 0 native plugins for Editor in 0.00 ms.
Mono: successfully reloaded assembly
- Completed reload, in  2.104 seconds
Platform modules already initialized, skipping
========================================================================
Worker process is ready to serve import requests
Launched and connected shader compiler UnityShaderCompiler.exe after 0.11 seconds
Refreshing native plugins compatible for Editor in 1.34 ms, found 1 plugins.
Preloading 0 native plugins for Editor in 0.00 ms.
Unloading 2789 Unused Serialized files (Serialized files now loaded: 0)
System memory in use before: 108.9 MB.
System memory in use after: 108.7 MB.

Unloading 17 unused Assets to reduce memory usage. Loaded Objects now: 3245.
Total: 5.761900 ms (FindLiveObjects: 0.699500 ms CreateObjectMapping: 0.374800 ms MarkObjects: 4.254200 ms  DeleteObjects: 0.429400 ms)

========================================================================
Received Import Request.
  path: Assets/Prefabs/Sphere.prefab
  artifactKey: Guid(aaa633df12c15fc4f90247cbadd9c804) Importer(815301076,1909f56bfc062723c751e8b465ee728b)
Start importing Assets/Prefabs/Sphere.prefab using Guid(aaa633df12c15fc4f90247cbadd9c804) Importer(815301076,1909f56bfc062723c751e8b465ee728b)  -> (artifact id: 'e4e7c33bb7c6e659e45247c6980b6078') in 0.286230 seconds 
========================================================================
Received Prepare
Registering precompiled user dll's ...
Registered in 0.006734 seconds.
Begin MonoManager ReloadAssembly
Native extension for WindowsStandalone target not found
Refreshing native plugins compatible for Editor in 1.33 ms, found 1 plugins.
Preloading 0 native plugins for Editor in 0.00 ms.
Mono: successfully reloaded assembly
- Completed reload, in  2.353 seconds
Platform modules already initialized, skipping
Refreshing native plugins compatible for Editor in 1.05 ms, found 1 plugins.
Preloading 0 native plugins for Editor in 0.00 ms.
Unloading 2766 Unused Serialized files (Serialized files now loaded: 0)
System memory in use before: 111.1 MB.
System memory in use after: 111.0 MB.

Unloading 12 unused Assets to reduce memory usage. Loaded Objects now: 3256.
Total: 7.423600 ms (FindLiveObjects: 0.976000 ms CreateObjectMapping: 0.778900 ms MarkObjects: 5.271600 ms  DeleteObjects: 0.392700 ms)

========================================================================
Received Prepare
Registering precompiled user dll's ...
Registered in 0.009715 seconds.
Begin MonoManager ReloadAssembly
Native extension for WindowsStandalone target not found
Refreshing native plugins compatible for Editor in 0.62 ms, found 1 plugins.
Preloading 0 native plugins for Editor in 0.00 ms.
Mono: successfully reloaded assembly
- Completed reload, in  2.039 seconds
Platform modules already initialized, skipping
Refreshing native plugins compatible for Editor in 1.18 ms, found 1 plugins.
Preloading 0 native plugins for Editor in 0.00 ms.
Unloading 2766 Unused Serialized files (Serialized files now loaded: 0)
System memory in use before: 111.1 MB.
System memory in use after: 111.0 MB.

Unloading 12 unused Assets to reduce memory usage. Loaded Objects now: 3259.
Total: 5.181200 ms (FindLiveObjects: 0.467500 ms CreateObjectMapping: 0.252600 ms MarkObjects: 4.076300 ms  DeleteObjects: 0.381900 ms)

========================================================================
Received Import Request.
  Time since last request: 183.303093 seconds.
  path: Assets/Prefabs/Sphere.prefab
  artifactKey: Guid(aaa633df12c15fc4f90247cbadd9c804) Importer(815301076,1909f56bfc062723c751e8b465ee728b)
Start importing Assets/Prefabs/Sphere.prefab using Guid(aaa633df12c15fc4f90247cbadd9c804) Importer(815301076,1909f56bfc062723c751e8b465ee728b)  -> (artifact id: '0919f0fa6188c1c67a5b4ffbdc3236f9') in 0.170321 seconds 
========================================================================
Received Prepare
Registering precompiled user dll's ...
Registered in 0.007871 seconds.
Begin MonoManager ReloadAssembly
Native extension for WindowsStandalone target not found
Refreshing native plugins compatible for Editor in 0.65 ms, found 1 plugins.
Preloading 0 native plugins for Editor in 0.00 ms.
Mono: successfully reloaded assembly
- Completed reload, in  1.875 seconds
Platform modules already initialized, skipping
Refreshing native plugins compatible for Editor in 1.28 ms, found 1 plugins.
Preloading 0 native plugins for Editor in 0.00 ms.
Unloading 2766 Unused Serialized files (Serialized files now loaded: 0)
System memory in use before: 111.2 MB.
System memory in use after: 111.1 MB.

Unloading 12 unused Assets to reduce memory usage. Loaded Objects now: 3263.
Total: 6.735000 ms (FindLiveObjects: 0.535100 ms CreateObjectMapping: 0.318300 ms MarkObjects: 5.358500 ms  DeleteObjects: 0.519900 ms)

========================================================================
Received Prepare
Registering precompiled user dll's ...
Registered in 0.008915 seconds.
Begin MonoManager ReloadAssembly
Native extension for WindowsStandalone target not found
Refreshing native plugins compatible for Editor in 0.63 ms, found 1 plugins.
Preloading 0 native plugins for Editor in 0.00 ms.
Mono: successfully reloaded assembly
- Completed reload, in  2.643 seconds
Platform modules already initialized, skipping
Refreshing native plugins compatible for Editor in 1.32 ms, found 1 plugins.
Preloading 0 native plugins for Editor in 0.00 ms.
Unloading 2766 Unused Serialized files (Serialized files now loaded: 0)
System memory in use before: 111.2 MB.
System memory in use after: 111.1 MB.

Unloading 12 unused Assets to reduce memory usage. Loaded Objects now: 3266.
Total: 6.258300 ms (FindLiveObjects: 0.865100 ms CreateObjectMapping: 0.434400 ms MarkObjects: 4.311700 ms  DeleteObjects: 0.643800 ms)

========================================================================
Received Prepare
Registering precompiled user dll's ...
Registered in 0.007334 seconds.
Begin MonoManager ReloadAssembly
Native extension for WindowsStandalone target not found
Refreshing native plugins compatible for Editor in 0.86 ms, found 1 plugins.
Preloading 0 native plugins for Editor in 0.00 ms.
Mono: successfully reloaded assembly
- Completed reload, in  1.785 seconds
Platform modules already initialized, skipping
Refreshing native plugins compatible for Editor in 2.25 ms, found 1 plugins.
Preloading 0 native plugins for Editor in 0.00 ms.
Unloading 2766 Unused Serialized files (Serialized files now loaded: 0)
System memory in use before: 111.2 MB.
System memory in use after: 111.1 MB.

Unloading 12 unused Assets to reduce memory usage. Loaded Objects now: 3269.
Total: 58.204800 ms (FindLiveObjects: 0.689700 ms CreateObjectMapping: 0.397100 ms MarkObjects: 56.725600 ms  DeleteObjects: 0.390100 ms)

========================================================================
Received Prepare
Registering precompiled user dll's ...
Registered in 0.014787 seconds.
Begin MonoManager ReloadAssembly
Native extension for WindowsStandalone target not found
Refreshing native plugins compatible for Editor in 2.08 ms, found 1 plugins.
Preloading 0 native plugins for Editor in 0.00 ms.
Mono: successfully reloaded assembly
- Completed reload, in  4.278 seconds
Platform modules already initialized, skipping
Refreshing native plugins compatible for Editor in 2.03 ms, found 1 plugins.
Preloading 0 native plugins for Editor in 0.00 ms.
Unloading 2766 Unused Serialized files (Serialized files now loaded: 0)
System memory in use before: 111.2 MB.
System memory in use after: 111.1 MB.

Unloading 12 unused Assets to reduce memory usage. Loaded Objects now: 3272.
Total: 7.130900 ms (FindLiveObjects: 0.558300 ms CreateObjectMapping: 0.598000 ms MarkObjects: 5.536700 ms  DeleteObjects: 0.435800 ms)

========================================================================
Received Prepare
Registering precompiled user dll's ...
Registered in 0.005447 seconds.
Begin MonoManager ReloadAssembly
Native extension for WindowsStandalone target not found
Refreshing native plugins compatible for Editor in 1.26 ms, found 1 plugins.
Preloading 0 native plugins for Editor in 0.00 ms.
Mono: successfully reloaded assembly
- Completed reload, in  1.890 seconds
Platform modules already initialized, skipping
Refreshing native plugins compatible for Editor in 1.16 ms, found 1 plugins.
Preloading 0 native plugins for Editor in 0.00 ms.
Unloading 2766 Unused Serialized files (Serialized files now loaded: 0)
System memory in use before: 111.2 MB.
System memory in use after: 111.1 MB.

Unloading 12 unused Assets to reduce memory usage. Loaded Objects now: 3275.
Total: 5.921000 ms (FindLiveObjects: 0.806000 ms CreateObjectMapping: 0.564800 ms MarkObjects: 4.093100 ms  DeleteObjects: 0.453700 ms)

========================================================================
Received Prepare
Registering precompiled user dll's ...
Registered in 0.007980 seconds.
Begin MonoManager ReloadAssembly
Native extension for WindowsStandalone target not found
Refreshing native plugins compatible for Editor in 1.07 ms, found 1 plugins.
Preloading 0 native plugins for Editor in 0.00 ms.
Mono: successfully reloaded assembly
- Completed reload, in  2.032 seconds
Platform modules already initialized, skipping
Refreshing native plugins compatible for Editor in 1.33 ms, found 1 plugins.
Preloading 0 native plugins for Editor in 0.00 ms.
Unloading 2766 Unused Serialized files (Serialized files now loaded: 0)
System memory in use before: 111.2 MB.
System memory in use after: 111.1 MB.

Unloading 12 unused Assets to reduce memory usage. Loaded Objects now: 3278.
Total: 5.514200 ms (FindLiveObjects: 0.652600 ms CreateObjectMapping: 0.421300 ms MarkObjects: 4.054200 ms  DeleteObjects: 0.383700 ms)

========================================================================
Received Prepare
Registering precompiled user dll's ...
Registered in 0.004813 seconds.
Begin MonoManager ReloadAssembly
Native extension for WindowsStandalone target not found
Refreshing native plugins compatible for Editor in 1.33 ms, found 1 plugins.
Preloading 0 native plugins for Editor in 0.00 ms.
Mono: successfully reloaded assembly
- Completed reload, in  1.842 seconds
Platform modules already initialized, skipping
Refreshing native plugins compatible for Editor in 1.13 ms, found 1 plugins.
Preloading 0 native plugins for Editor in 0.00 ms.
Unloading 2766 Unused Serialized files (Serialized files now loaded: 0)
System memory in use before: 111.3 MB.
System memory in use after: 111.1 MB.

Unloading 12 unused Assets to reduce memory usage. Loaded Objects now: 3281.
Total: 3.934500 ms (FindLiveObjects: 0.372900 ms CreateObjectMapping: 0.349900 ms MarkObjects: 2.839800 ms  DeleteObjects: 0.369700 ms)

========================================================================
Received Import Request.
  Time since last request: 558.368265 seconds.
  path: ProjectSettings/TagManager.asset
  artifactKey: Guid(00000000000000003000000000000000) Importer(815301076,1909f56bfc062723c751e8b465ee728b)
Start importing ProjectSettings/TagManager.asset using Guid(00000000000000003000000000000000) Importer(815301076,1909f56bfc062723c751e8b465ee728b)  -> (artifact id: '4de1b39a21e9d791b2d44d83d9e69a02') in 0.055152 seconds 
========================================================================
Received Import Request.
  Time since last request: 5.287284 seconds.
  path: ProjectSettings/TagManager.asset
  artifactKey: Guid(00000000000000003000000000000000) Importer(815301076,1909f56bfc062723c751e8b465ee728b)
Start importing ProjectSettings/TagManager.asset using Guid(00000000000000003000000000000000) Importer(815301076,1909f56bfc062723c751e8b465ee728b)  -> (artifact id: '8684e0b11fac15420f73e7d33401080c') in 0.015597 seconds 
========================================================================
Received Prepare
Registering precompiled user dll's ...
Registered in 0.007017 seconds.
Begin MonoManager ReloadAssembly
Native extension for WindowsStandalone target not found
Refreshing native plugins compatible for Editor in 0.82 ms, found 1 plugins.
Preloading 0 native plugins for Editor in 0.00 ms.
Mono: successfully reloaded assembly
- Completed reload, in  1.859 seconds
Platform modules already initialized, skipping
Refreshing native plugins compatible for Editor in 1.07 ms, found 1 plugins.
Preloading 0 native plugins for Editor in 0.00 ms.
Unloading 2766 Unused Serialized files (Serialized files now loaded: 0)
System memory in use before: 111.2 MB.
System memory in use after: 111.1 MB.

Unloading 14 unused Assets to reduce memory usage. Loaded Objects now: 3284.
Total: 7.040600 ms (FindLiveObjects: 0.607200 ms CreateObjectMapping: 0.531100 ms MarkObjects: 5.457000 ms  DeleteObjects: 0.442800 ms)

========================================================================
Received Prepare
Registering precompiled user dll's ...
Registered in 0.008126 seconds.
Begin MonoManager ReloadAssembly
Native extension for WindowsStandalone target not found
Refreshing native plugins compatible for Editor in 1.06 ms, found 1 plugins.
Preloading 0 native plugins for Editor in 0.00 ms.
Mono: successfully reloaded assembly
- Completed reload, in  2.048 seconds
Platform modules already initialized, skipping
Refreshing native plugins compatible for Editor in 1.20 ms, found 1 plugins.
Preloading 0 native plugins for Editor in 0.00 ms.
Unloading 2766 Unused Serialized files (Serialized files now loaded: 0)
System memory in use before: 111.3 MB.
System memory in use after: 111.1 MB.

Unloading 12 unused Assets to reduce memory usage. Loaded Objects now: 3287.
Total: 18.380200 ms (FindLiveObjects: 0.827700 ms CreateObjectMapping: 0.455000 ms MarkObjects: 16.245700 ms  DeleteObjects: 0.849400 ms)

========================================================================
Received Import Request.
  Time since last request: 176.439238 seconds.
  path: Assets/Scenes/SampleScene.unity
  artifactKey: Guid(9fc0d4010bbf28b4594072e72b8655ab) Importer(815301076,1909f56bfc062723c751e8b465ee728b)
Start importing Assets/Scenes/SampleScene.unity using Guid(9fc0d4010bbf28b4594072e72b8655ab) Importer(815301076,1909f56bfc062723c751e8b465ee728b)  -> (artifact id: 'ce2a1025311b9b0b84196e07e2e08b76') in 0.033457 seconds 
========================================================================
Received Import Request.
  Time since last request: 0.322299 seconds.
  path: Assets/Scenes/MainMenuScene.unity
  artifactKey: Guid(fa4610a9352ddb4428921029ff3dabfc) Importer(815301076,1909f56bfc062723c751e8b465ee728b)
Start importing Assets/Scenes/MainMenuScene.unity using Guid(fa4610a9352ddb4428921029ff3dabfc) Importer(815301076,1909f56bfc062723c751e8b465ee728b)  -> (artifact id: '8da5aed67d84ca765a5e90155d54bc86') in 0.016114 seconds 
========================================================================
Received Prepare
Registering precompiled user dll's ...
Registered in 0.005198 seconds.
Begin MonoManager ReloadAssembly
Native extension for WindowsStandalone target not found
Refreshing native plugins compatible for Editor in 1.29 ms, found 1 plugins.
Preloading 0 native plugins for Editor in 0.00 ms.
Mono: successfully reloaded assembly
- Completed reload, in  1.901 seconds
Platform modules already initialized, skipping
Refreshing native plugins compatible for Editor in 1.88 ms, found 1 plugins.
Preloading 0 native plugins for Editor in 0.00 ms.
Unloading 2766 Unused Serialized files (Serialized files now loaded: 0)
System memory in use before: 111.3 MB.
System memory in use after: 111.1 MB.

Unloading 12 unused Assets to reduce memory usage. Loaded Objects now: 3290.
Total: 14.747800 ms (FindLiveObjects: 0.647100 ms CreateObjectMapping: 0.456900 ms MarkObjects: 13.236100 ms  DeleteObjects: 0.405500 ms)

========================================================================
Received Prepare
Registering precompiled user dll's ...
Registered in 0.006548 seconds.
Begin MonoManager ReloadAssembly
Native extension for WindowsStandalone target not found
Refreshing native plugins compatible for Editor in 1.16 ms, found 1 plugins.
Preloading 0 native plugins for Editor in 0.00 ms.
Mono: successfully reloaded assembly
- Completed reload, in  2.675 seconds
Platform modules already initialized, skipping
Refreshing native plugins compatible for Editor in 1.38 ms, found 1 plugins.
Preloading 0 native plugins for Editor in 0.00 ms.
Unloading 2766 Unused Serialized files (Serialized files now loaded: 0)
System memory in use before: 111.3 MB.
System memory in use after: 111.2 MB.

Unloading 12 unused Assets to reduce memory usage. Loaded Objects now: 3293.
Total: 23.383600 ms (FindLiveObjects: 0.530400 ms CreateObjectMapping: 0.458200 ms MarkObjects: 21.773800 ms  DeleteObjects: 0.618700 ms)

========================================================================
Received Prepare
Refreshing native plugins compatible for Editor in 11.00 ms, found 1 plugins.
Preloading 0 native plugins for Editor in 0.00 ms.
Unloading 10 Unused Serialized files (Serialized files now loaded: 0)
System memory in use before: 56.7 MB.
System memory in use after: 56.5 MB.

Unloading 10 unused Assets to reduce memory usage. Loaded Objects now: 3293.
Total: 13.392500 ms (FindLiveObjects: 2.034100 ms CreateObjectMapping: 0.400600 ms MarkObjects: 10.453700 ms  DeleteObjects: 0.501900 ms)

========================================================================
Received Prepare
Refreshing native plugins compatible for Editor in 25.70 ms, found 1 plugins.
Preloading 0 native plugins for Editor in 0.00 ms.
Unloading 10 Unused Serialized files (Serialized files now loaded: 0)
System memory in use before: 56.7 MB.
System memory in use after: 56.6 MB.

Unloading 10 unused Assets to reduce memory usage. Loaded Objects now: 3293.
Total: 62.333600 ms (FindLiveObjects: 32.942200 ms CreateObjectMapping: 1.297000 ms MarkObjects: 21.602100 ms  DeleteObjects: 6.488700 ms)

========================================================================
Received Prepare
Refreshing native plugins compatible for Editor in 16.77 ms, found 1 plugins.
Preloading 0 native plugins for Editor in 0.00 ms.
Unloading 10 Unused Serialized files (Serialized files now loaded: 0)
System memory in use before: 56.6 MB.
System memory in use after: 56.4 MB.

Unloading 10 unused Assets to reduce memory usage. Loaded Objects now: 3293.
Total: 105.381900 ms (FindLiveObjects: 3.074000 ms CreateObjectMapping: 1.803300 ms MarkObjects: 89.310500 ms  DeleteObjects: 11.190900 ms)

AssetImportWorkerClient::OnTransportError - code=2 error=End of file
